15:04:54 SQL> 
15:04:54 SQL> CREATE OR REPLACE PROCEDURE display_multiple_months (
15:04:54   2  	  start_month_in IN PLS_INTEGER
15:04:54   3  	 ,end_month_in IN PLS_INTEGER
15:04:54   4  )
15:04:54   5  IS
15:04:54   6  	  l_current_month PLS_INTEGER := start_month_in;
15:04:54   7  	  l_month_name VARCHAR(32);
15:04:54   8  	  invalid_month EXCEPTION;
15:04:54   9  	  PRAGMA EXCEPTION_INIT (invalid_month, -1843);
15:04:54  10  BEGIN
15:04:54  11  	  LOOP
15:04:54  12  	      EXIT WHEN l_current_month > end_month_in;
15:04:54  13  	      SELECT TO_CHAR(TO_DATE(l_current_month, 'MM'), 'MONTH')
15:04:54  14  		  INTO l_month_name
15:04:54  15  	      FROM DUAL;
15:04:54  16  	      DBMS_OUTPUT.PUT_LINE('Current Month: ' || l_month_name);
15:04:54  17  	      l_current_month := l_current_month +1;
15:04:54  18  	  END LOOP;
15:04:54  19  EXCEPTION
15:04:54  20  	  WHEN invalid_month
15:04:54  21  	      THEN DBMS_OUTPUT.PUT_LINE('Exception handled!');
15:04:54  22  END;
15:04:54  23  /

Procedure created.

15:04:54 SQL> 
15:04:54 SQL> EXECUTE display_multiple_months(1, 15);
Current Month: JANUARY                                                          
Current Month: FEBRUARY                                                         
Current Month: MARCH                                                            
Current Month: APRIL                                                            
Current Month: MAY                                                              
Current Month: JUNE                                                             
Current Month: JULY                                                             
Current Month: AUGUST                                                           
Current Month: SEPTEMBER                                                        
Current Month: OCTOBER                                                          
Current Month: NOVEMBER                                                         
Current Month: DECEMBER                                                         
Exception handled!                                                              

PL/SQL procedure successfully completed.

15:04:54 SQL> 
15:04:54 SQL> SPOOL OFF
