22:45:37 SQL> 
22:45:37 SQL> DECLARE
22:45:37   2  	  salary NUMBER(9,2); -- fixed-point, seven to the left, two to the right
22:45:37   3  	  raise_factor NUMBER; -- decimal floating-point
22:45:37   4  	  weeks_to_pay NUMBER(2); -- integer
22:45:37   5  BEGIN
22:45:37   6  	  salary := 1234567.89;
22:45:37   7  	  raise_factor := 0.05;
22:45:37   8  	  weeks_to_pay := 52;
22:45:37   9  	  DBMS_OUTPUT.PUT_LINE('Salary: ' || salary);
22:45:37  10  	  DBMS_OUTPUT.PUT_LINE('Raise Factor: ' || raise_factor);
22:45:37  11  	  DBMS_OUTPUT.PUT_LINE('Weeks to pay: ' || weeks_to_pay);
22:45:37  12  END;
22:45:37  13  /
Salary: 1234567.89                                                              
Raise Factor: .05                                                               
Weeks to pay: 52                                                                

PL/SQL procedure successfully completed.

22:45:37 SQL> 
22:45:37 SQL> SPOOL OFF
