23:10:45 SQL> 
23:10:45 SQL> CREATE OR REPLACE PROCEDURE display_multiple_years (
23:10:45   2  	  start_year_in IN PLS_INTEGER
23:10:45   3  	 ,end_year_in IN PLS_INTEGER
23:10:45   4  )
23:10:45   5  IS
23:10:45   6  BEGIN
23:10:45   7  	  FOR l_current_year IN start_year_in .. end_year_in
23:10:45   8  	  LOOP
23:10:45   9  	      DBMS_OUTPUT.PUT_LINE('Current Year: ' || l_current_year);
23:10:45  10  	  END LOOP;
23:10:45  11  END display_multiple_years;
23:10:45  12  /

Procedure created.

23:10:45 SQL> 
23:10:45 SQL> EXECUTE display_multiple_years(2010, 2020);
Current Year: 2010                                                              
Current Year: 2011                                                              
Current Year: 2012                                                              
Current Year: 2013                                                              
Current Year: 2014                                                              
Current Year: 2015                                                              
Current Year: 2016                                                              
Current Year: 2017                                                              
Current Year: 2018                                                              
Current Year: 2019                                                              
Current Year: 2020                                                              

PL/SQL procedure successfully completed.

23:10:45 SQL> 
23:10:45 SQL> SPOOL OFF
