23:44:59 SQL> 
23:44:59 SQL> CREATE OR REPLACE PROCEDURE display_multiple_years (
23:44:59   2  	  start_year_in IN PLS_INTEGER
23:44:59   3  	 ,end_year_in IN PLS_INTEGER
23:44:59   4  )
23:44:59   5  IS
23:44:59   6  	  l_current_year PLS_INTEGER := start_year_in;
23:44:59   7  BEGIN
23:44:59   8  	  WHILE (l_current_year <= end_year_in)
23:44:59   9  	  LOOP
23:44:59  10  	      DBMS_OUTPUT.PUT_LINE('Current Year: ' || l_current_year);
23:44:59  11  	      l_current_year := l_current_year + 1;
23:44:59  12  	  END LOOP;
23:44:59  13  END display_multiple_years;
23:44:59  14  /

Procedure created.

23:44:59 SQL> 
23:44:59 SQL> EXECUTE display_multiple_years(2010, 2020);
Current Year: 2010                                                              
Current Year: 2011                                                              
Current Year: 2012                                                              
Current Year: 2013                                                              
Current Year: 2014                                                              
Current Year: 2015                                                              
Current Year: 2016                                                              
Current Year: 2017                                                              
Current Year: 2018                                                              
Current Year: 2019                                                              
Current Year: 2020                                                              

PL/SQL procedure successfully completed.

23:44:59 SQL> 
23:44:59 SQL> SPOOL OFF
