22:26:41 SQL> 
22:26:41 SQL> CREATE OR REPLACE PROCEDURE display_multiple_years (
22:26:41   2  	  start_year_in IN PLS_INTEGER
22:26:41   3  	 ,end_year_in IN PLS_INTEGER
22:26:41   4  )
22:26:41   5  IS
22:26:41   6  	  l_current_year PLS_INTEGER := start_year_in;
22:26:41   7  BEGIN
22:26:41   8  	  LOOP
22:26:41   9  	      DBMS_OUTPUT.PUT_LINE('Current Year: ' || l_current_year);
22:26:41  10  	      l_current_year := l_current_year +1;
22:26:41  11  	      EXIT WHEN l_current_year > end_year_in;
22:26:41  12  	  END LOOP;
22:26:41  13  END;
22:26:41  14  /

Procedure created.

22:26:41 SQL> 
22:26:41 SQL> EXECUTE display_multiple_years(2010, 2020);
Current Year: 2010                                                              
Current Year: 2011                                                              
Current Year: 2012                                                              
Current Year: 2013                                                              
Current Year: 2014                                                              
Current Year: 2015                                                              
Current Year: 2016                                                              
Current Year: 2017                                                              
Current Year: 2018                                                              
Current Year: 2019                                                              
Current Year: 2020                                                              

PL/SQL procedure successfully completed.

22:26:41 SQL> 
22:26:41 SQL> SPOOL OFF
