21:50:48 SQL> 
21:50:48 SQL> DECLARE
21:50:48   2  	  g_salary NUMBER;
21:50:48   3  BEGIN
21:50:48   4  	  g_salary := 50000;
21:50:48   5  
21:50:48   6  	  CASE g_salary
21:50:48   7  	  WHEN 20000 THEN
21:50:48   8  	      DBMS_OUTPUT.PUT_LINE('Bonus = ' || 500);
21:50:48   9  	  WHEN 30000 THEN
21:50:48  10  	      DBMS_OUTPUT.PUT_LINE('Bonus = ' || 1000);
21:50:48  11  	  WHEN 40000 THEN
21:50:48  12  	      DBMS_OUTPUT.PUT_LINE('Bonus = ' || 1500);
21:50:48  13  	  /* The following is the implicit ELSE if none is specified
21:50:48  14  	  ELSE
21:50:48  15  	      RAISE CASE_NOT_FOUND;
21:50:48  16  	  */
21:50:48  17  	  END CASE;
21:50:48  18  END;
21:50:48  19  /
DECLARE
*
ERROR at line 1:
ORA-06592: CASE not found while executing CASE statement 
ORA-06512: at line 6 


21:50:48 SQL> 
21:50:48 SQL> SPOOL OFF
