23:28:04 SQL> 
23:28:04 SQL> DECLARE
23:28:04   2  	  salary NUMBER := 20000;
23:28:04   3  	  employee_id NUMBER := 36325;
23:28:04   4  	  bonus_amount NUMBER;
23:28:04   5  BEGIN
23:28:04   6  	  bonus_amount :=
23:28:04   7  	      CASE
23:28:04   8  		  WHEN salary >= 10000 AND salary <= 20000 THEN 1500
23:28:04   9  		  WHEN salary > 20000 AND salary <= 40000 THEN 1000
23:28:04  10  		  WHEN salary > 40000 THEN 500
23:28:04  11  		  ELSE 0
23:28:04  12  	      END * 10;
23:28:04  13  	  DBMS_OUTPUT.PUT_LINE(bonus_amount);
23:28:04  14  END;
23:28:04  15  /
15000                                                                           

PL/SQL procedure successfully completed.

23:28:04 SQL> 
23:28:04 SQL> SPOOL OFF
